<?xml version="1.0" encoding="UTF-8" ?>
<testsuite errors="1" failures="0" hostname="Kristo-PC" name="PlayerTest" tests="1" time="0.1" timestamp="2012-11-26T15:55:13">
  <properties>
    <property name="java.vendor" value="Oracle Corporation" />
    <property name="lib.dir" value="lib" />
    <property name="sun.java.launcher" value="SUN_STANDARD" />
    <property name="sun.management.compiler" value="HotSpot 64-Bit Tiered Compilers" />
    <property name="docs.dir" value="docs" />
    <property name="os.name" value="Windows 7" />
    <property name="sun.boot.class.path" value="C:\Program Files\Java\jdk1.7.0_09\jre\lib\resources.jar;C:\Program Files\Java\jdk1.7.0_09\jre\lib\rt.jar;C:\Program Files\Java\jdk1.7.0_09\jre\lib\sunrsasign.jar;C:\Program Files\Java\jdk1.7.0_09\jre\lib\jsse.jar;C:\Program Files\Java\jdk1.7.0_09\jre\lib\jce.jar;C:\Program Files\Java\jdk1.7.0_09\jre\lib\charsets.jar;C:\Program Files\Java\jdk1.7.0_09\jre\lib\jfr.jar;C:\Program Files\Java\jdk1.7.0_09\jre\classes" />
    <property name="TODAY" value="November 26 2012" />
    <property name="user.country.format" value="IS" />
    <property name="sun.desktop" value="windows" />
    <property name="java.vm.specification.vendor" value="Oracle Corporation" />
    <property name="ant.home" value="C:\apache-ant-1.8.4" />
    <property name="java.runtime.version" value="1.7.0_09-b05" />
    <property name="user.name" value="Kristo" />
    <property name="user.language.format" value="is" />
    <property name="build.dir" value="build" />
    <property name="user.language" value="en" />
    <property name="ant.file.TicTacToe" value="C:\Users\Kristo\Documents\GitHub\sidannaverkefniKristo\build.xml" />
    <property name="sun.boot.library.path" value="C:\Program Files\Java\jdk1.7.0_09\jre\bin" />
    <property name="ant.project.default-target" value="main" />
    <property name="ant.project.name" value="TicTacToe" />
    <property name="DSTAMP" value="20121126" />
    <property name="java.version" value="1.7.0_09" />
    <property name="user.timezone" value="" />
    <property name="sun.arch.data.model" value="64" />
    <property name="java.endorsed.dirs" value="C:\Program Files\Java\jdk1.7.0_09\jre\lib\endorsed" />
    <property name="sun.cpu.isalist" value="amd64" />
    <property name="sun.jnu.encoding" value="Cp1252" />
    <property name="file.encoding.pkg" value="sun.io" />
    <property name="file.separator" value="\" />
    <property name="java.specification.name" value="Java Platform API Specification" />
    <property name="java.class.version" value="51.0" />
    <property name="user.country" value="US" />
    <property name="java.home" value="C:\Program Files\Java\jdk1.7.0_09\jre" />
    <property name="java.vm.info" value="mixed mode" />
    <property name="ant.file" value="C:\Users\Kristo\Documents\GitHub\sidannaverkefniKristo\build.xml" />
    <property name="os.version" value="6.1" />
    <property name="ant.file.type.TicTacToe" value="file" />
    <property name="path.separator" value=";" />
    <property name="java.vm.version" value="23.5-b02" />
    <property name="user.variant" value="" />
    <property name="ant.library.dir" value="C:\apache-ant-1.8.4\lib" />
    <property name="java.awt.printerjob" value="sun.awt.windows.WPrinterJob" />
    <property name="sun.io.unicode.encoding" value="UnicodeLittle" />
    <property name="test.classes" value="build/test-classes" />
    <property name="awt.toolkit" value="sun.awt.windows.WToolkit" />
    <property name="user.script" value="" />
    <property name="user.home" value="C:\Users\Kristo" />
    <property name="java.specification.vendor" value="Oracle Corporation" />
    <property name="test.dir" value="test" />
    <property name="java.library.path" value="C:\Program Files\Java\jdk1.7.0_09\jre\bin;C:\Windows\Sun\Java\bin;C:\Windows\system32;C:\Windows;C:\Users\Kristo\AppData\Local\GitHub\PortableGit_8810fd5c2c79c73adcc73fd0825f3b32fdb816e7\cmd;C:\Users\Kristo\AppData\Local\GitHub\PortableGit_8810fd5c2c79c73adcc73fd0825f3b32fdb816e7\bin;C:\Users\Kristo\AppData\Local\GitHub\PortableGit_8810fd5c2c79c73adcc73fd0825f3b32fdb816e7\mingw\bin;C:\Users\Kristo\AppData\Local\Apps\2.0\26NWVTWT.ON2\GX0M63XQ.CJ6\gith..tion_8f45a2159c87c850_0001.0000_f35d3e4b23b1eb00;C:\Windows\Microsoft.NET\Framework\v4.0.30319;C:\Program Files (x86)\NVIDIA Corporation\PhysX\Common;C:\Windows\system32;C:\Windows;C:\Windows\System32\Wbem;C:\Windows\System32\WindowsPowerShell\v1.0\;c:\Program Files (x86)\Microsoft SQL Server\100\Tools\Binn\;c:\Program Files\Microsoft SQL Server\100\Tools\Binn\;c:\Program Files\Microsoft SQL Server\100\DTS\Binn\;C:\Program Files\Microsoft\Web Platform Installer\;c:\Program Files (x86)\Microsoft ASP.NET\ASP.NET Web Pages\v1.0\;;C:\Program Files\Java\jdk1.7.0_09\bin;C:\apache-ant-1.8.4\bin;C:\Program Files\Java\jdk1.7.0_09\bin\java*;C:\Program Files\Java\jdk1.6.0_03\bin;C:\apache-ant-1.8.4\bin;." />
    <property name="java.vendor.url" value="http://java.oracle.com/" />
    <property name="java.vm.vendor" value="Oracle Corporation" />
    <property name="java.runtime.name" value="Java(TM) SE Runtime Environment" />
    <property name="sun.java.command" value="org.apache.tools.ant.taskdefs.optional.junit.JUnitTestRunner PlayerTest filtertrace=true haltOnError=false haltOnFailure=true formatter=org.apache.tools.ant.taskdefs.optional.junit.SummaryJUnitResultFormatter showoutput=true outputtoformatters=true logfailedtests=true logtestlistenerevents=false formatter=org.apache.tools.ant.taskdefs.optional.junit.XMLJUnitResultFormatter,C:\Users\Kristo\Documents\GitHub\sidannaverkefniKristo\test\TEST-PlayerTest.xml formatter=org.apache.tools.ant.taskdefs.optional.junit.PlainJUnitResultFormatter crashfile=C:\Users\Kristo\Documents\GitHub\sidannaverkefniKristo\junitvmwatcher7448320064300827477.properties propsfile=C:\Users\Kristo\Documents\GitHub\sidannaverkefniKristo\junit5959387784302804838.properties" />
    <property name="java.class.path" value="C:\Users\Kristo\Documents\GitHub\sidannaverkefniKristo\build;C:\Users\Kristo\Documents\GitHub\sidannaverkefniKristo\lib\junit-4.11.jar;C:\Users\Kristo\Documents\GitHub\sidannaverkefniKristo\build\tictactoe;C:\Users\Kristo\Documents\GitHub\sidannaverkefniKristo\build\test-classes;C:\apache-ant-1.8.4\lib\ant-launcher.jar;C:\apache-ant-1.8.4\lib\ant.jar;C:\apache-ant-1.8.4\lib\ant-junit.jar;C:\apache-ant-1.8.4\lib\ant-junit4.jar" />
    <property name="ant.version" value="Apache Ant(TM) version 1.8.4 compiled on May 22 2012" />
    <property name="TSTAMP" value="1555" />
    <property name="java.vm.specification.name" value="Java Virtual Machine Specification" />
    <property name="ant.file.type" value="file" />
    <property name="java.vm.specification.version" value="1.7" />
    <property name="sun.cpu.endian" value="little" />
    <property name="sun.os.patch.level" value="" />
    <property name="java.io.tmpdir" value="C:\Users\Kristo\AppData\Local\Temp\" />
    <property name="java.vendor.url.bug" value="http://bugreport.sun.com/bugreport/" />
    <property name="os.arch" value="amd64" />
    <property name="java.awt.graphicsenv" value="sun.awt.Win32GraphicsEnvironment" />
    <property name="java.ext.dirs" value="C:\Program Files\Java\jdk1.7.0_09\jre\lib\ext;C:\Windows\Sun\Java\lib\ext" />
    <property name="user.dir" value="C:\Users\Kristo\Documents\GitHub\sidannaverkefniKristo" />
    <property name="line.separator" value="&#xd;&#xa;" />
    <property name="java.vm.name" value="Java HotSpot(TM) 64-Bit Server VM" />
    <property name="basedir" value="C:\Users\Kristo\Documents\GitHub\sidannaverkefniKristo" />
    <property name="ant.java.version" value="1.7" />
    <property name="ant.core.lib" value="C:\apache-ant-1.8.4\lib\ant.jar" />
    <property name="file.encoding" value="Cp1252" />
    <property name="java.specification.version" value="1.7" />
    <property name="src.dir" value="src" />
    <property name="ant.project.invoked-targets" value="main" />
  </properties>
  <testcase classname="PlayerTest" name="initializationError" time="0.01">
    <error message="No runnable methods" type="java.lang.Exception">java.lang.Exception: No runnable methods
	at java.lang.reflect.Constructor.newInstance(Constructor.java:525)
</error>
  </testcase>
  <system-out><![CDATA[]]></system-out>
  <system-err><![CDATA[]]></system-err>
</testsuite>
