<?xml version="1.0" encoding="UTF-8" ?>
<<<<<<< HEAD
<testsuite errors="1" failures="0" hostname="Kristo-PC" name="BoardTest" tests="1" time="0.0" timestamp="2012-11-26T12:53:40">
=======
<testsuite errors="1" failures="0" hostname="Oskar-PC" name="BoardTest" tests="1" time="0.0" timestamp="2012-11-26T12:32:27">
>>>>>>> 02648d20361fee35e8dc2a514d28ae2783dcea09
  <properties>
    <property name="java.vendor" value="Oracle Corporation" />
    <property name="lib.dir" value="lib" />
    <property name="sun.java.launcher" value="SUN_STANDARD" />
    <property name="sun.management.compiler" value="HotSpot 64-Bit Tiered Compilers" />
    <property name="os.name" value="Windows 7" />
    <property name="sun.boot.class.path" value="C:\Program Files\Java\jdk1.7.0_09\jre\lib\resources.jar;C:\Program Files\Java\jdk1.7.0_09\jre\lib\rt.jar;C:\Program Files\Java\jdk1.7.0_09\jre\lib\sunrsasign.jar;C:\Program Files\Java\jdk1.7.0_09\jre\lib\jsse.jar;C:\Program Files\Java\jdk1.7.0_09\jre\lib\jce.jar;C:\Program Files\Java\jdk1.7.0_09\jre\lib\charsets.jar;C:\Program Files\Java\jdk1.7.0_09\jre\lib\jfr.jar;C:\Program Files\Java\jdk1.7.0_09\jre\classes" />
    <property name="TODAY" value="November 26 2012" />
    <property name="user.country.format" value="IS" />
    <property name="sun.desktop" value="windows" />
    <property name="java.vm.specification.vendor" value="Oracle Corporation" />
    <property name="ant.home" value="C:\apache-ant-1.8.4" />
    <property name="java.runtime.version" value="1.7.0_09-b05" />
    <property name="user.name" value="Oskar Helgi" />
    <property name="user.language.format" value="is" />
    <property name="build.dir" value="build" />
    <property name="user.language" value="en" />
    <property name="ant.file.TicTacToe" value="C:\Users\Oskar Helgi\Documents\GitHub\sidannaverkefniKristo\build.xml" />
    <property name="sun.boot.library.path" value="C:\Program Files\Java\jdk1.7.0_09\jre\bin" />
    <property name="ant.project.default-target" value="main" />
    <property name="ant.project.name" value="TicTacToe" />
    <property name="DSTAMP" value="20121126" />
    <property name="java.version" value="1.7.0_09" />
    <property name="user.timezone" value="" />
    <property name="sun.arch.data.model" value="64" />
    <property name="java.endorsed.dirs" value="C:\Program Files\Java\jdk1.7.0_09\jre\lib\endorsed" />
    <property name="sun.cpu.isalist" value="amd64" />
    <property name="sun.jnu.encoding" value="Cp1252" />
    <property name="file.encoding.pkg" value="sun.io" />
    <property name="file.separator" value="\" />
    <property name="java.specification.name" value="Java Platform API Specification" />
    <property name="java.class.version" value="51.0" />
    <property name="user.country" value="US" />
    <property name="java.home" value="C:\Program Files\Java\jdk1.7.0_09\jre" />
    <property name="java.vm.info" value="mixed mode" />
    <property name="ant.file" value="C:\Users\Oskar Helgi\Documents\GitHub\sidannaverkefniKristo\build.xml" />
    <property name="os.version" value="6.1" />
    <property name="ant.file.type.TicTacToe" value="file" />
    <property name="path.separator" value=";" />
    <property name="java.vm.version" value="23.5-b02" />
    <property name="user.variant" value="" />
    <property name="ant.library.dir" value="C:\apache-ant-1.8.4\lib" />
    <property name="java.awt.printerjob" value="sun.awt.windows.WPrinterJob" />
    <property name="sun.io.unicode.encoding" value="UnicodeLittle" />
    <property name="test.classes" value="build/test-classes" />
    <property name="awt.toolkit" value="sun.awt.windows.WToolkit" />
    <property name="user.script" value="" />
    <property name="user.home" value="C:\Users\Oskar Helgi" />
    <property name="java.specification.vendor" value="Oracle Corporation" />
    <property name="test.dir" value="test" />
    <property name="java.library.path" value="C:\Program Files\Java\jdk1.7.0_09\bin;C:\Windows\Sun\Java\bin;C:\Windows\system32;C:\Windows;C:\Users\Oskar Helgi\AppData\Local\GitHub\PortableGit_8810fd5c2c79c73adcc73fd0825f3b32fdb816e7\cmd;C:\Users\Oskar Helgi\AppData\Local\GitHub\PortableGit_8810fd5c2c79c73adcc73fd0825f3b32fdb816e7\bin;C:\Users\Oskar Helgi\AppData\Local\GitHub\PortableGit_8810fd5c2c79c73adcc73fd0825f3b32fdb816e7\mingw\bin;C:\Users\Oskar Helgi\AppData\Local\Apps\2.0\QPCBX1LQ.T0R\9EZKV0R2.TC6\gith..tion_8f45a2159c87c850_0001.0000_f35d3e4b23b1eb00;C:\Windows\Microsoft.NET\Framework\v4.0.30319;C:\cygwin\bin\;C:\Program Files (x86)\AMD APP\bin\x86_64;C:\Program Files (x86)\AMD APP\bin\x86;C:\Program Files (x86)\MiKTeX 2.9\miktex\bin;C:\Program Files\Common Files\Microsoft Shared\Windows Live;C:\Program Files (x86)\Common Files\Microsoft Shared\Windows Live;C:\Windows\system32;C:\Windows;C:\Windows\System32\Wbem;C:\Windows\System32\WindowsPowerShell\1.0\;C:\Program Files (x86)\ATI Technologies\ATI.ACE\Core-Static;C:\Program Files\WIDCOMM\Bluetooth Software\;C:\Program Files\WIDCOMM\Bluetooth Software\syswow64;C:\Program Files\MATLAB\R2011b\bin;C:\Program Files (x86)\Windows Live\Shared;C:\Program Files (x86)\QuickTime\QTSystem\;c:\Program Files\Microsoft SQL Server\110\Tools\Binn\;c:\Program Files (x86)\Microsoft SQL Server\110\Tools\Binn\;c:\Program Files\Microsoft SQL Server\110\DTS\Binn\;c:\Program Files (x86)\Microsoft SQL Server\110\Tools\Binn\ManagementStudio\;c:\Program Files (x86)\Microsoft SQL Server\110\DTS\Binn\?;C:\Program Files\Java\jdk1.7.0_09\bin;C:\apache-ant-1.8.4\bin;C:\Program Files\Java\jdk1.7.0_09\bin\java*;." />
    <property name="java.vendor.url" value="http://java.oracle.com/" />
    <property name="java.vm.vendor" value="Oracle Corporation" />
    <property name="java.runtime.name" value="Java(TM) SE Runtime Environment" />
    <property name="sun.java.command" value="org.apache.tools.ant.launch.Launcher -cp .;C:\Program Files (x86)\Java\jre6\lib\ext\QTJava.zip" />
    <property name="java.class.path" value="C:\apache-ant-1.8.4\lib\ant-launcher.jar;C:\Users\Oskar Helgi\Documents\GitHub\sidannaverkefniKristo\.\;C:\Program Files (x86)\Java\jre6\lib\ext\QTJava.zip;C:\apache-ant-1.8.4\lib\ant-antlr.jar;C:\apache-ant-1.8.4\lib\ant-apache-bcel.jar;C:\apache-ant-1.8.4\lib\ant-apache-bsf.jar;C:\apache-ant-1.8.4\lib\ant-apache-log4j.jar;C:\apache-ant-1.8.4\lib\ant-apache-oro.jar;C:\apache-ant-1.8.4\lib\ant-apache-regexp.jar;C:\apache-ant-1.8.4\lib\ant-apache-resolver.jar;C:\apache-ant-1.8.4\lib\ant-apache-xalan2.jar;C:\apache-ant-1.8.4\lib\ant-commons-logging.jar;C:\apache-ant-1.8.4\lib\ant-commons-net.jar;C:\apache-ant-1.8.4\lib\ant-jai.jar;C:\apache-ant-1.8.4\lib\ant-javamail.jar;C:\apache-ant-1.8.4\lib\ant-jdepend.jar;C:\apache-ant-1.8.4\lib\ant-jmf.jar;C:\apache-ant-1.8.4\lib\ant-jsch.jar;C:\apache-ant-1.8.4\lib\ant-junit.jar;C:\apache-ant-1.8.4\lib\ant-junit4.jar;C:\apache-ant-1.8.4\lib\ant-launcher.jar;C:\apache-ant-1.8.4\lib\ant-netrexx.jar;C:\apache-ant-1.8.4\lib\ant-swing.jar;C:\apache-ant-1.8.4\lib\ant-testutil.jar;C:\apache-ant-1.8.4\lib\ant.jar;C:\Program Files\Java\jdk1.7.0_09\lib\tools.jar" />
    <property name="ant.version" value="Apache Ant(TM) version 1.8.4 compiled on May 22 2012" />
<<<<<<< HEAD
    <property name="TSTAMP" value="1253" />
=======
    <property name="TSTAMP" value="1232" />
>>>>>>> 02648d20361fee35e8dc2a514d28ae2783dcea09
    <property name="java.vm.specification.name" value="Java Virtual Machine Specification" />
    <property name="ant.file.type" value="file" />
    <property name="java.vm.specification.version" value="1.7" />
    <property name="sun.cpu.endian" value="little" />
    <property name="sun.os.patch.level" value="Service Pack 1" />
    <property name="java.io.tmpdir" value="C:\Users\Oskar Helgi\AppData\Local\Temp\" />
    <property name="java.vendor.url.bug" value="http://bugreport.sun.com/bugreport/" />
    <property name="os.arch" value="amd64" />
    <property name="java.awt.graphicsenv" value="sun.awt.Win32GraphicsEnvironment" />
    <property name="java.ext.dirs" value="C:\Program Files\Java\jdk1.7.0_09\jre\lib\ext;C:\Windows\Sun\Java\lib\ext" />
    <property name="user.dir" value="C:\Users\Oskar Helgi\Documents\GitHub\sidannaverkefniKristo" />
    <property name="line.separator" value="&#xd;&#xa;" />
    <property name="java.vm.name" value="Java HotSpot(TM) 64-Bit Server VM" />
    <property name="basedir" value="C:\Users\Oskar Helgi\Documents\GitHub\sidannaverkefniKristo" />
    <property name="ant.java.version" value="1.7" />
    <property name="ant.core.lib" value="C:\apache-ant-1.8.4\lib\ant.jar" />
    <property name="file.encoding" value="Cp1252" />
    <property name="java.specification.version" value="1.7" />
    <property name="src.dir" value="src" />
    <property name="ant.project.invoked-targets" value="main" />
  </properties>
  <error message="BoardTest" type="java.lang.ClassNotFoundException">java.lang.ClassNotFoundException: BoardTest
	at java.lang.ClassLoader.loadClass(ClassLoader.java:356)
	at java.lang.Class.forName0(Native Method)
	at java.lang.Class.forName(Class.java:264)
</error>
  <system-out><![CDATA[]]></system-out>
  <system-err><![CDATA[]]></system-err>
</testsuite>
